TN:
SF:src\config\plugins\envs.plugins.ts
FNF:0
FNH:0
DA:1,1
DA:2,1
DA:3,1
DA:4,1
DA:5,1
DA:6,1
DA:7,1
DA:8,1
DA:9,1
DA:10,1
DA:11,1
DA:12,1
DA:13,1
DA:14,1
DA:15,1
DA:16,1
DA:17,1
DA:18,1
DA:19,1
DA:20,1
DA:21,1
DA:22,1
DA:23,1
DA:24,1
LF:24
LH:24
BRF:0
BRH:0
end_of_record
TN:
SF:src\data\mongo\index.ts
FNF:0
FNH:0
DA:1,1
DA:2,1
LF:2
LH:2
BRF:0
BRH:0
end_of_record
TN:
SF:src\data\mongo\init.ts
FN:12,connect
FNF:1
FNH:1
FNDA:4,connect
DA:1,1
DA:2,1
DA:3,1
DA:4,1
DA:5,1
DA:6,1
DA:7,1
DA:8,1
DA:9,1
DA:10,1
DA:11,1
DA:12,1
DA:13,4
DA:14,4
DA:15,4
DA:16,4
DA:17,4
DA:18,4
DA:19,3
DA:20,3
DA:21,1
DA:22,1
DA:23,4
DA:24,4
DA:25,4
DA:26,4
DA:27,1
DA:28,1
DA:29,1
DA:30,1
DA:31,1
LF:31
LH:31
BRDA:12,0,0,4
BRDA:19,1,0,3
BRDA:20,2,0,1
BRF:3
BRH:3
end_of_record
TN:
SF:src\data\mongo\models\log.model.ts
FNF:0
FNH:0
DA:1,1
DA:2,1
DA:3,1
DA:4,1
DA:5,1
DA:6,1
DA:7,1
DA:8,1
DA:9,1
DA:10,1
DA:11,1
DA:12,1
DA:13,1
DA:14,1
DA:15,1
DA:16,1
DA:17,1
DA:18,1
DA:19,1
DA:20,1
DA:21,1
DA:22,1
DA:23,1
DA:24,1
DA:25,1
LF:25
LH:25
BRF:0
BRH:0
end_of_record
TN:
SF:src\domain\entities\log.entity.ts
FN:22,LogEntity
FN:32,Object.<anonymous>.LogEntity.fromJson
FN:48,Object.<anonymous>.LogEntity.fromObject
FNF:3
FNH:3
FNDA:18,LogEntity
FNDA:8,Object.<anonymous>.LogEntity.fromJson
FNDA:3,Object.<anonymous>.LogEntity.fromObject
DA:1,4
DA:2,4
DA:3,4
DA:4,4
DA:5,4
DA:6,1
DA:7,1
DA:8,1
DA:9,1
DA:10,1
DA:11,1
DA:12,1
DA:13,1
DA:14,1
DA:15,1
DA:16,1
DA:17,1
DA:18,1
DA:19,1
DA:20,1
DA:21,1
DA:22,1
DA:23,18
DA:24,18
DA:25,18
DA:26,18
DA:27,18
DA:28,18
DA:29,18
DA:30,1
DA:31,1
DA:32,1
DA:33,8
DA:34,8
DA:35,8
DA:36,8
DA:37,8
DA:38,8
DA:39,8
DA:40,8
DA:41,8
DA:42,8
DA:43,8
DA:44,8
DA:45,8
DA:46,1
DA:47,1
DA:48,1
DA:49,3
DA:50,3
DA:51,3
DA:52,3
DA:53,3
DA:54,3
DA:55,1
DA:56,1
LF:56
LH:56
BRDA:1,0,0,4
BRDA:22,1,0,18
BRDA:32,2,0,8
BRDA:33,3,0,3
BRDA:33,4,0,5
BRDA:48,5,0,3
BRF:6
BRH:6
end_of_record
TN:
SF:src\domain\use-cases\checks\check-service-multiple.ts
FN:12,CheckServiceMultiple
FN:21,callLogs
FN:30,execute
FNF:3
FNH:3
FNDA:1,CheckServiceMultiple
FNDA:2,callLogs
FNDA:2,execute
DA:1,1
DA:2,1
DA:3,1
DA:4,1
DA:5,1
DA:6,1
DA:7,1
DA:8,1
DA:9,1
DA:10,1
DA:11,1
DA:12,1
DA:13,1
DA:14,1
DA:15,1
DA:16,1
DA:17,1
DA:18,1
DA:19,1
DA:20,1
DA:21,1
DA:22,2
DA:23,6
DA:24,2
DA:25,2
DA:26,1
DA:27,1
DA:28,1
DA:29,1
DA:30,1
DA:31,2
DA:32,2
DA:33,2
DA:34,2
DA:35,2
DA:36,0
DA:37,0
DA:38,1
DA:39,1
DA:40,1
DA:41,1
DA:42,1
DA:43,1
DA:44,1
DA:45,1
DA:46,1
DA:47,1
DA:48,2
DA:49,2
DA:50,2
DA:51,1
DA:52,1
DA:53,1
DA:54,1
DA:55,1
DA:56,1
DA:57,1
DA:58,1
DA:59,1
DA:60,1
DA:61,2
DA:62,2
DA:63,1
LF:63
LH:61
BRDA:12,0,0,1
BRDA:21,1,0,2
BRDA:22,2,0,6
BRDA:22,3,0,6
BRDA:30,4,0,2
BRDA:35,5,0,1
BRDA:35,6,0,0
BRDA:38,7,0,1
BRDA:50,8,0,1
BRF:9
BRH:8
end_of_record
TN:
SF:src\domain\use-cases\checks\check-service.ts
FN:12,CheckService
FN:23,execute
FNF:2
FNH:2
FNDA:1,CheckService
FNDA:2,execute
DA:1,1
DA:2,1
DA:3,1
DA:4,1
DA:5,1
DA:6,1
DA:7,1
DA:8,1
DA:9,1
DA:10,1
DA:11,1
DA:12,1
DA:13,1
DA:14,1
DA:15,1
DA:16,1
DA:17,1
DA:18,1
DA:19,1
DA:20,1
DA:21,1
DA:22,1
DA:23,1
DA:24,2
DA:25,2
DA:26,2
DA:27,2
DA:28,2
DA:29,0
DA:30,0
DA:31,1
DA:32,1
DA:33,1
DA:34,1
DA:35,1
DA:36,1
DA:37,1
DA:38,1
DA:39,1
DA:40,1
DA:41,2
DA:42,2
DA:43,2
DA:44,1
DA:45,1
DA:46,1
DA:47,1
DA:48,1
DA:49,1
DA:50,1
DA:51,1
DA:52,1
DA:53,1
DA:54,2
DA:55,2
DA:56,1
LF:56
LH:54
BRDA:12,0,0,1
BRDA:23,1,0,2
BRDA:28,2,0,1
BRDA:28,3,0,0
BRDA:31,4,0,1
BRDA:43,5,0,1
BRF:6
BRH:5
end_of_record
TN:
SF:src\infrastructure\datasources\file-system.datasource.ts
FN:15,FileSystemDatasource
FN:19,FileSystemDatasource.createLogsFiles
FN:54,FileSystemDatasource.getLogsFromFile
FN:36,saveLog
FN:67,getLogs
FNF:5
FNH:5
FNDA:7,FileSystemDatasource
FNDA:7,FileSystemDatasource.createLogsFiles
FNDA:3,FileSystemDatasource.getLogsFromFile
FNDA:5,saveLog
FNDA:4,getLogs
DA:1,1
DA:2,1
DA:3,1
DA:4,1
DA:5,1
DA:6,1
DA:7,1
DA:8,1
DA:9,1
DA:10,1
DA:11,1
DA:12,1
DA:13,1
DA:14,1
DA:15,1
DA:16,7
DA:17,7
DA:18,1
DA:19,1
DA:20,7
DA:21,6
DA:22,6
DA:23,7
DA:24,7
DA:25,7
DA:26,7
DA:27,7
DA:28,7
DA:29,21
DA:30,18
DA:31,18
DA:32,7
DA:33,7
DA:34,1
DA:35,1
DA:36,1
DA:37,5
DA:38,5
DA:39,5
DA:40,5
DA:41,5
DA:42,5
DA:43,4
DA:44,5
DA:45,2
DA:46,2
DA:47,2
DA:48,2
DA:49,5
DA:50,5
DA:51,1
DA:52,1
DA:53,1
DA:54,1
DA:55,3
DA:56,3
DA:57,3
DA:58,3
DA:59,3
DA:60,3
DA:61,3
DA:62,3
DA:63,3
DA:64,3
DA:65,1
DA:66,1
DA:67,1
DA:68,4
DA:69,4
DA:70,4
DA:71,1
DA:72,4
DA:73,4
DA:74,1
DA:75,4
DA:76,4
DA:77,1
DA:78,4
DA:79,4
DA:80,1
DA:81,4
DA:82,4
DA:83,4
DA:84,4
DA:85,1
DA:86,1
LF:86
LH:86
BRDA:15,0,0,7
BRDA:19,1,0,7
BRDA:20,2,0,6
BRDA:28,3,0,21
BRDA:29,4,0,3
BRDA:30,5,0,18
BRDA:54,6,0,3
BRDA:56,7,0,0
BRDA:36,8,0,5
BRDA:42,9,0,1
BRDA:43,10,0,4
BRDA:44,11,0,2
BRDA:67,12,0,4
BRDA:70,13,0,1
BRDA:73,14,0,1
BRDA:76,15,0,1
BRDA:79,16,0,1
BRF:17
BRH:16
end_of_record
TN:
SF:src\infrastructure\datasources\mongo-log.datasource.ts
FN:7,saveLog
FN:11,getLogs
FNF:2
FNH:2
FNDA:3,saveLog
FNDA:1,getLogs
DA:1,1
DA:2,1
DA:3,1
DA:4,1
DA:5,1
DA:6,1
DA:7,1
DA:8,3
DA:9,3
DA:10,3
DA:11,1
DA:12,1
DA:13,1
DA:14,1
DA:15,1
DA:16,1
LF:16
LH:16
BRDA:7,0,0,3
BRDA:11,1,0,1
BRF:2
BRH:2
end_of_record
TN:
SF:src\infrastructure\repositories\log.repository.impl.ts
FN:8,LogRepositoryImpl
FN:10,saveLog
FN:14,getLogs
FNF:3
FNH:3
FNDA:1,LogRepositoryImpl
FNDA:1,saveLog
FNDA:1,getLogs
DA:1,1
DA:2,1
DA:3,1
DA:4,1
DA:5,1
DA:6,1
DA:7,1
DA:8,1
DA:9,1
DA:10,1
DA:11,1
DA:12,1
DA:13,1
DA:14,1
DA:15,1
DA:16,1
DA:17,1
LF:17
LH:17
BRDA:8,0,0,1
BRDA:10,1,0,1
BRDA:14,2,0,1
BRF:3
BRH:3
end_of_record
TN:
SF:src\presentation\cron\cron-service.ts
FN:8,createJob
FNF:1
FNH:1
FNDA:1,createJob
DA:1,1
DA:2,1
DA:3,1
DA:4,1
DA:5,1
DA:6,1
DA:7,1
DA:8,1
DA:9,1
DA:10,1
DA:11,1
DA:12,1
DA:13,1
DA:14,1
DA:15,1
DA:16,1
DA:17,1
DA:18,1
DA:19,1
DA:20,1
LF:20
LH:20
BRDA:8,0,0,1
BRF:1
BRH:1
end_of_record
